<?xml version="1.0" encoding="UTF-8"?>
<testsuite name="com.learn.CalculatorTest" tests="4" skipped="1" failures="0" errors="0" timestamp="2021-01-02T16:57:16" hostname="DESKTOP-30LQ2J0" time="0.04">
  <properties/>
  <testcase name="testDivideError()" classname="com.learn.CalculatorTest" time="0.03"/>
  <testcase name="testAddSuccess()" classname="com.learn.CalculatorTest" time="0.002"/>
  <testcase name="testComingSoon()" classname="com.learn.CalculatorTest" time="0.001">
    <skipped/>
  </testcase>
  <testcase name="testDivideSuccess()" classname="com.learn.CalculatorTest" time="0.002"/>
  <system-out><![CDATA[Sebelum semua unit test
Sebelum Unit Test
Unit Test Divide Error
Setelah Unit Test
Sebelum Unit Test
Unit Test Add Success
Setelah Unit Test
Sebelum Unit Test
Unit Test Divide Success
Setelah Unit Test
Setelah semua unit test
]]></system-out>
  <system-err><![CDATA[]]></system-err>
</testsuite>
